* using log directory ‘/home/runner/work/UtilsCytoRSV/UtilsCytoRSV/UtilsCytoRSV.Rcheck’
* using R version 4.5.2 (2025-10-31)
* using platform: x86_64-pc-linux-gnu
* R was compiled by
    gcc (Ubuntu 13.3.0-6ubuntu2~24.04) 13.3.0
    GNU Fortran (Ubuntu 13.3.0-6ubuntu2~24.04) 13.3.0
* running under: Ubuntu 24.04.3 LTS
* using session charset: UTF-8
* using option ‘--no-manual’
* checking for file ‘UtilsCytoRSV/DESCRIPTION’ ... OK
* checking extension type ... Package
* this is package ‘UtilsCytoRSV’ version ‘0.1.5’
* package encoding: UTF-8
* checking package namespace information ... OK
* checking package dependencies ... ERROR
Packages required but not available:
  'tibble', 'purrr', 'ggplot2', 'cowplot', 'dplyr', 'stringr'

Packages suggested but not available:
  'UtilsCompassSV', 'here', 'remotes', 'BiocManager', 'UtilsGGSV',
  'flowCore', 'flowWorkspace', 'testthat', 'usethis',
  'DataTidyACSCyTOFCytokinesTCells'

The suggested packages are required for a complete check.
Checking can be attempted without them by setting the environment
variable _R_CHECK_FORCE_SUGGESTS_ to a false value.

See section ‘The DESCRIPTION file’ in the ‘Writing R Extensions’
manual.
* DONE
Status: 1 ERROR
